     PID         DATE      TIME      ELAPSED    CPU    MEM       RSS     VSIZE       CMD
   34769   2016-12-11  20:08:35        00:00    0.0    0.0      1120   2433368  /Library/Frameworks/R.framework/Resources/bin/exec/R --slave --no-restore --file=cv_biglasso_serial.R
   34769   2016-12-11  20:08:36        00:01   97.8    0.6     98588   3370472  /Library/Frameworks/R.framework/Resources/bin/exec/R --slave --no-restore --file=cv_biglasso_serial.R
   34769   2016-12-11  20:08:37        00:02   40.1    2.0    338540   3370472  /Library/Frameworks/R.framework/Resources/bin/exec/R --slave --no-restore --file=cv_biglasso_serial.R
   34769   2016-12-11  20:08:38        00:03   32.4    4.0    676180   3372520  /Library/Frameworks/R.framework/Resources/bin/exec/R --slave --no-restore --file=cv_biglasso_serial.R
   34769   2016-12-11  20:08:39        00:04   48.7    5.3    883180   3374872  /Library/Frameworks/R.framework/Resources/bin/exec/R --slave --no-restore --file=cv_biglasso_serial.R
   34769   2016-12-11  20:08:40        00:05  100.0    5.3    883972   3374872  /Library/Frameworks/R.framework/Resources/bin/exec/R --slave --no-restore --file=cv_biglasso_serial.R
   34769   2016-12-11  20:08:41        00:06  100.0    5.3    883972   3374872  /Library/Frameworks/R.framework/Resources/bin/exec/R --slave --no-restore --file=cv_biglasso_serial.R
   34769   2016-12-11  20:08:42        00:07  100.0    5.3    883972   3374872  /Library/Frameworks/R.framework/Resources/bin/exec/R --slave --no-restore --file=cv_biglasso_serial.R
   34769   2016-12-11  20:08:43        00:08  100.0    5.3    883972   3374872  /Library/Frameworks/R.framework/Resources/bin/exec/R --slave --no-restore --file=cv_biglasso_serial.R
   34769   2016-12-11  20:08:44        00:09   99.7    5.3    883972   3374872  /Library/Frameworks/R.framework/Resources/bin/exec/R --slave --no-restore --file=cv_biglasso_serial.R
   34769   2016-12-11  20:08:45        00:10  100.0    5.3    883972   3374872  /Library/Frameworks/R.framework/Resources/bin/exec/R --slave --no-restore --file=cv_biglasso_serial.R
   34769   2016-12-11  20:08:46        00:11  100.0    5.3    883972   3374872  /Library/Frameworks/R.framework/Resources/bin/exec/R --slave --no-restore --file=cv_biglasso_serial.R
   34769   2016-12-11  20:08:47        00:12   99.6    5.3    883972   3374872  /Library/Frameworks/R.framework/Resources/bin/exec/R --slave --no-restore --file=cv_biglasso_serial.R
   34769   2016-12-11  20:08:48        00:13  100.0    5.3    883972   3374872  /Library/Frameworks/R.framework/Resources/bin/exec/R --slave --no-restore --file=cv_biglasso_serial.R
   34769   2016-12-11  20:08:49        00:14   99.3    5.3    884892   3375656  /Library/Frameworks/R.framework/Resources/bin/exec/R --slave --no-restore --file=cv_biglasso_serial.R
   34769   2016-12-11  20:08:50        00:15  100.0    5.4    898076   3389820  /Library/Frameworks/R.framework/Resources/bin/exec/R --slave --no-restore --file=cv_biglasso_serial.R
   34769   2016-12-11  20:08:51        00:17   99.9    5.4    898076   3389820  /Library/Frameworks/R.framework/Resources/bin/exec/R --slave --no-restore --file=cv_biglasso_serial.R
   34769   2016-12-11  20:08:53        00:18  100.0    5.4    898076   3389820  /Library/Frameworks/R.framework/Resources/bin/exec/R --slave --no-restore --file=cv_biglasso_serial.R
   34769   2016-12-11  20:08:54        00:19   98.8    5.4    898076   3389820  /Library/Frameworks/R.framework/Resources/bin/exec/R --slave --no-restore --file=cv_biglasso_serial.R
   34769   2016-12-11  20:08:55        00:20  100.0    5.4    898076   3389820  /Library/Frameworks/R.framework/Resources/bin/exec/R --slave --no-restore --file=cv_biglasso_serial.R
   34769   2016-12-11  20:08:56        00:21  100.0    5.4    898076   3389820  /Library/Frameworks/R.framework/Resources/bin/exec/R --slave --no-restore --file=cv_biglasso_serial.R
   34769   2016-12-11  20:08:57        00:22  100.0    5.4    898076   3389820  /Library/Frameworks/R.framework/Resources/bin/exec/R --slave --no-restore --file=cv_biglasso_serial.R
   34769   2016-12-11  20:08:58        00:23  100.0    5.4    898076   3389820  /Library/Frameworks/R.framework/Resources/bin/exec/R --slave --no-restore --file=cv_biglasso_serial.R
   34769   2016-12-11  20:08:59        00:24  100.0    5.4    898076   3389820  /Library/Frameworks/R.framework/Resources/bin/exec/R --slave --no-restore --file=cv_biglasso_serial.R
   34769   2016-12-11  20:09:00        00:25  100.0    5.4    908000   3414920  /Library/Frameworks/R.framework/Resources/bin/exec/R --slave --no-restore --file=cv_biglasso_serial.R
   34769   2016-12-11  20:09:01        00:26  100.0    5.4    910384   3417272  /Library/Frameworks/R.framework/Resources/bin/exec/R --slave --no-restore --file=cv_biglasso_serial.R
   34769   2016-12-11  20:09:02        00:27   99.9    5.4    910384   3417272  /Library/Frameworks/R.framework/Resources/bin/exec/R --slave --no-restore --file=cv_biglasso_serial.R
   34769   2016-12-11  20:09:03        00:28   98.7    5.4    910384   3417272  /Library/Frameworks/R.framework/Resources/bin/exec/R --slave --no-restore --file=cv_biglasso_serial.R
   34769   2016-12-11  20:09:04        00:29  100.0    5.4    910384   3417272  /Library/Frameworks/R.framework/Resources/bin/exec/R --slave --no-restore --file=cv_biglasso_serial.R
   34769   2016-12-11  20:09:05        00:30  100.0    5.4    910384   3417272  /Library/Frameworks/R.framework/Resources/bin/exec/R --slave --no-restore --file=cv_biglasso_serial.R
   34769   2016-12-11  20:09:06        00:31  100.0    5.4    910384   3417272  /Library/Frameworks/R.framework/Resources/bin/exec/R --slave --no-restore --file=cv_biglasso_serial.R
   34769   2016-12-11  20:09:07        00:32  100.0    5.4    910384   3417272  /Library/Frameworks/R.framework/Resources/bin/exec/R --slave --no-restore --file=cv_biglasso_serial.R
   34769   2016-12-11  20:09:08        00:33  100.0    5.4    910384   3417272  /Library/Frameworks/R.framework/Resources/bin/exec/R --slave --no-restore --file=cv_biglasso_serial.R
   34769   2016-12-11  20:09:09        00:34   99.1    5.4    907732   3414620  /Library/Frameworks/R.framework/Resources/bin/exec/R --slave --no-restore --file=cv_biglasso_serial.R
   34769   2016-12-11  20:09:10        00:35  100.0    5.4    913032   3418404  /Library/Frameworks/R.framework/Resources/bin/exec/R --slave --no-restore --file=cv_biglasso_serial.R
   34769   2016-12-11  20:09:11        00:36  100.0    5.4    913032   3418404  /Library/Frameworks/R.framework/Resources/bin/exec/R --slave --no-restore --file=cv_biglasso_serial.R
   34769   2016-12-11  20:09:12        00:37  100.0    5.4    913032   3418404  /Library/Frameworks/R.framework/Resources/bin/exec/R --slave --no-restore --file=cv_biglasso_serial.R
   34769   2016-12-11  20:09:13        00:38  100.0    5.4    913032   3418404  /Library/Frameworks/R.framework/Resources/bin/exec/R --slave --no-restore --file=cv_biglasso_serial.R
   34769   2016-12-11  20:09:14        00:39  100.0    5.4    913032   3418404  /Library/Frameworks/R.framework/Resources/bin/exec/R --slave --no-restore --file=cv_biglasso_serial.R
   34769   2016-12-11  20:09:15        00:40  100.0    5.4    913032   3418404  /Library/Frameworks/R.framework/Resources/bin/exec/R --slave --no-restore --file=cv_biglasso_serial.R
   34769   2016-12-11  20:09:16        00:41  100.0    5.4    913032   3418404  /Library/Frameworks/R.framework/Resources/bin/exec/R --slave --no-restore --file=cv_biglasso_serial.R
   34769   2016-12-11  20:09:17        00:42  100.0    5.4    913032   3418404  /Library/Frameworks/R.framework/Resources/bin/exec/R --slave --no-restore --file=cv_biglasso_serial.R
   34769   2016-12-11  20:09:18        00:43   99.4    5.4    913032   3418404  /Library/Frameworks/R.framework/Resources/bin/exec/R --slave --no-restore --file=cv_biglasso_serial.R
   34769   2016-12-11  20:09:19        00:44  100.0    5.4    913664   3417092  /Library/Frameworks/R.framework/Resources/bin/exec/R --slave --no-restore --file=cv_biglasso_serial.R
   34769   2016-12-11  20:09:20        00:45  100.0    5.4    913664   3417092  /Library/Frameworks/R.framework/Resources/bin/exec/R --slave --no-restore --file=cv_biglasso_serial.R
   34769   2016-12-11  20:09:21        00:46  100.0    5.4    913664   3417092  /Library/Frameworks/R.framework/Resources/bin/exec/R --slave --no-restore --file=cv_biglasso_serial.R
   34769   2016-12-11  20:09:22        00:47  100.0    5.4    913664   3417092  /Library/Frameworks/R.framework/Resources/bin/exec/R --slave --no-restore --file=cv_biglasso_serial.R
   34769   2016-12-11  20:09:23        00:48  100.0    5.4    913664   3417092  /Library/Frameworks/R.framework/Resources/bin/exec/R --slave --no-restore --file=cv_biglasso_serial.R
   34769   2016-12-11  20:09:24        00:49  100.0    5.4    913664   3417092  /Library/Frameworks/R.framework/Resources/bin/exec/R --slave --no-restore --file=cv_biglasso_serial.R
   34769   2016-12-11  20:09:25        00:50  100.0    5.4    913664   3417092  /Library/Frameworks/R.framework/Resources/bin/exec/R --slave --no-restore --file=cv_biglasso_serial.R
   34769   2016-12-11  20:09:26        00:51  100.0    5.4    913664   3417092  /Library/Frameworks/R.framework/Resources/bin/exec/R --slave --no-restore --file=cv_biglasso_serial.R
   34769   2016-12-11  20:09:27        00:52  100.0    5.4    913664   3417092  /Library/Frameworks/R.framework/Resources/bin/exec/R --slave --no-restore --file=cv_biglasso_serial.R
   34769   2016-12-11  20:09:28        00:53   99.9    5.5    914752   3418116  /Library/Frameworks/R.framework/Resources/bin/exec/R --slave --no-restore --file=cv_biglasso_serial.R
   34769   2016-12-11  20:09:29        00:54  100.0    5.5    914752   3418116  /Library/Frameworks/R.framework/Resources/bin/exec/R --slave --no-restore --file=cv_biglasso_serial.R
   34769   2016-12-11  20:09:30        00:56  100.0    5.5    914752   3418116  /Library/Frameworks/R.framework/Resources/bin/exec/R --slave --no-restore --file=cv_biglasso_serial.R
   34769   2016-12-11  20:09:32        00:57  100.0    5.5    914752   3418116  /Library/Frameworks/R.framework/Resources/bin/exec/R --slave --no-restore --file=cv_biglasso_serial.R
   34769   2016-12-11  20:09:33        00:58   98.6    5.5    914752   3418116  /Library/Frameworks/R.framework/Resources/bin/exec/R --slave --no-restore --file=cv_biglasso_serial.R
   34769   2016-12-11  20:09:34        00:59   99.4    5.5    914752   3418116  /Library/Frameworks/R.framework/Resources/bin/exec/R --slave --no-restore --file=cv_biglasso_serial.R
   34769   2016-12-11  20:09:35        01:00  100.0    5.5    914752   3418116  /Library/Frameworks/R.framework/Resources/bin/exec/R --slave --no-restore --file=cv_biglasso_serial.R
   34769   2016-12-11  20:09:36        01:01  100.0    5.5    914752   3418116  /Library/Frameworks/R.framework/Resources/bin/exec/R --slave --no-restore --file=cv_biglasso_serial.R
   34769   2016-12-11  20:09:37        01:02  100.0    5.5    914752   3418116  /Library/Frameworks/R.framework/Resources/bin/exec/R --slave --no-restore --file=cv_biglasso_serial.R
   34769   2016-12-11  20:09:38        01:03  100.0    5.4    914112   3417444  /Library/Frameworks/R.framework/Resources/bin/exec/R --slave --no-restore --file=cv_biglasso_serial.R
   34769   2016-12-11  20:09:39        01:04  100.0    5.5    915680   3419012  /Library/Frameworks/R.framework/Resources/bin/exec/R --slave --no-restore --file=cv_biglasso_serial.R
   34769   2016-12-11  20:09:40        01:05  100.0    5.5    915680   3419012  /Library/Frameworks/R.framework/Resources/bin/exec/R --slave --no-restore --file=cv_biglasso_serial.R
   34769   2016-12-11  20:09:41        01:06   99.9    5.5    915680   3419012  /Library/Frameworks/R.framework/Resources/bin/exec/R --slave --no-restore --file=cv_biglasso_serial.R
   34769   2016-12-11  20:09:42        01:07  100.0    5.5    915680   3419012  /Library/Frameworks/R.framework/Resources/bin/exec/R --slave --no-restore --file=cv_biglasso_serial.R
   34769   2016-12-11  20:09:43        01:08  100.0    5.5    915680   3419012  /Library/Frameworks/R.framework/Resources/bin/exec/R --slave --no-restore --file=cv_biglasso_serial.R
   34769   2016-12-11  20:09:44        01:09  100.0    5.5    915680   3419012  /Library/Frameworks/R.framework/Resources/bin/exec/R --slave --no-restore --file=cv_biglasso_serial.R
   34769   2016-12-11  20:09:45        01:10   98.8    5.5    915680   3419012  /Library/Frameworks/R.framework/Resources/bin/exec/R --slave --no-restore --file=cv_biglasso_serial.R
   34769   2016-12-11  20:09:46        01:11  100.0    5.5    915680   3419012  /Library/Frameworks/R.framework/Resources/bin/exec/R --slave --no-restore --file=cv_biglasso_serial.R
   34769   2016-12-11  20:09:47        01:12   99.9    5.4    913344   3416676  /Library/Frameworks/R.framework/Resources/bin/exec/R --slave --no-restore --file=cv_biglasso_serial.R
   34769   2016-12-11  20:09:48        01:13   99.9    5.4    912984   3415756  /Library/Frameworks/R.framework/Resources/bin/exec/R --slave --no-restore --file=cv_biglasso_serial.R
   34769   2016-12-11  20:09:49        01:14   99.9    5.4    912984   3415756  /Library/Frameworks/R.framework/Resources/bin/exec/R --slave --no-restore --file=cv_biglasso_serial.R
   34769   2016-12-11  20:09:50        01:15  100.0    5.4    912984   3415756  /Library/Frameworks/R.framework/Resources/bin/exec/R --slave --no-restore --file=cv_biglasso_serial.R
   34769   2016-12-11  20:09:51        01:16  100.0    5.4    912984   3415756  /Library/Frameworks/R.framework/Resources/bin/exec/R --slave --no-restore --file=cv_biglasso_serial.R
   34769   2016-12-11  20:09:52        01:17  100.0    5.4    912984   3415756  /Library/Frameworks/R.framework/Resources/bin/exec/R --slave --no-restore --file=cv_biglasso_serial.R
   34769   2016-12-11  20:09:53        01:18  100.0    5.4    912984   3415756  /Library/Frameworks/R.framework/Resources/bin/exec/R --slave --no-restore --file=cv_biglasso_serial.R
   34769   2016-12-11  20:09:54        01:19   99.7    5.4    912984   3415756  /Library/Frameworks/R.framework/Resources/bin/exec/R --slave --no-restore --file=cv_biglasso_serial.R
   34769   2016-12-11  20:09:55        01:20  100.0    5.4    912984   3415756  /Library/Frameworks/R.framework/Resources/bin/exec/R --slave --no-restore --file=cv_biglasso_serial.R
   34769   2016-12-11  20:09:56        01:21  100.0    5.4    912984   3415756  /Library/Frameworks/R.framework/Resources/bin/exec/R --slave --no-restore --file=cv_biglasso_serial.R
   34769   2016-12-11  20:09:57        01:22  100.0    5.5    914512   3423556  /Library/Frameworks/R.framework/Resources/bin/exec/R --slave --no-restore --file=cv_biglasso_serial.R
   34769   2016-12-11  20:09:58        01:23  100.0    5.5    914512   3423556  /Library/Frameworks/R.framework/Resources/bin/exec/R --slave --no-restore --file=cv_biglasso_serial.R
   34769   2016-12-11  20:09:59        01:24  100.0    5.5    914512   3423556  /Library/Frameworks/R.framework/Resources/bin/exec/R --slave --no-restore --file=cv_biglasso_serial.R
   34769   2016-12-11  20:10:00        01:25  100.0    5.5    914512   3423556  /Library/Frameworks/R.framework/Resources/bin/exec/R --slave --no-restore --file=cv_biglasso_serial.R
   34769   2016-12-11  20:10:01        01:26  100.0    5.5    914512   3423556  /Library/Frameworks/R.framework/Resources/bin/exec/R --slave --no-restore --file=cv_biglasso_serial.R
   34769   2016-12-11  20:10:02        01:27  100.0    5.5    914512   3423556  /Library/Frameworks/R.framework/Resources/bin/exec/R --slave --no-restore --file=cv_biglasso_serial.R
   34769   2016-12-11  20:10:03        01:28  100.0    5.5    914512   3423556  /Library/Frameworks/R.framework/Resources/bin/exec/R --slave --no-restore --file=cv_biglasso_serial.R
   34769   2016-12-11  20:10:04        01:29  100.0    5.5    914512   3423556  /Library/Frameworks/R.framework/Resources/bin/exec/R --slave --no-restore --file=cv_biglasso_serial.R
   34769   2016-12-11  20:10:05        01:30  100.0    5.5    914512   3423556  /Library/Frameworks/R.framework/Resources/bin/exec/R --slave --no-restore --file=cv_biglasso_serial.R
   34769   2016-12-11  20:10:06        01:31  100.0    5.5    915688   3424732  /Library/Frameworks/R.framework/Resources/bin/exec/R --slave --no-restore --file=cv_biglasso_serial.R
   34769   2016-12-11  20:10:07        01:32   98.5    5.4    910748   3419396  /Library/Frameworks/R.framework/Resources/bin/exec/R --slave --no-restore --file=cv_biglasso_serial.R
   34769   2016-12-11  20:10:08        01:33  100.0    5.4    910748   3419396  /Library/Frameworks/R.framework/Resources/bin/exec/R --slave --no-restore --file=cv_biglasso_serial.R
   34769   2016-12-11  20:10:09        01:34   99.9    5.4    910748   3419396  /Library/Frameworks/R.framework/Resources/bin/exec/R --slave --no-restore --file=cv_biglasso_serial.R
   34769   2016-12-11  20:10:10        01:36   99.0    5.4    910748   3419396  /Library/Frameworks/R.framework/Resources/bin/exec/R --slave --no-restore --file=cv_biglasso_serial.R
   34769   2016-12-11  20:10:12        01:37  100.0    5.4    910748   3419396  /Library/Frameworks/R.framework/Resources/bin/exec/R --slave --no-restore --file=cv_biglasso_serial.R
   34769   2016-12-11  20:10:13        01:38  100.0    5.4    910748   3419396  /Library/Frameworks/R.framework/Resources/bin/exec/R --slave --no-restore --file=cv_biglasso_serial.R
   34769   2016-12-11  20:10:14        01:39  100.0    5.4    910748   3419396  /Library/Frameworks/R.framework/Resources/bin/exec/R --slave --no-restore --file=cv_biglasso_serial.R
   34769   2016-12-11  20:10:15        01:40  100.0    5.4    910748   3419396  /Library/Frameworks/R.framework/Resources/bin/exec/R --slave --no-restore --file=cv_biglasso_serial.R
   34769   2016-12-11  20:10:16        01:41  100.0    5.4    913100   3421748  /Library/Frameworks/R.framework/Resources/bin/exec/R --slave --no-restore --file=cv_biglasso_serial.R
   34769   2016-12-11  20:10:17        01:42   99.6    5.5    915220   3423828  /Library/Frameworks/R.framework/Resources/bin/exec/R --slave --no-restore --file=cv_biglasso_serial.R
   34769   2016-12-11  20:10:18        01:43   99.0    5.5    915220   3423828  /Library/Frameworks/R.framework/Resources/bin/exec/R --slave --no-restore --file=cv_biglasso_serial.R
   34769   2016-12-11  20:10:19        01:44  100.0    5.5    915220   3423828  /Library/Frameworks/R.framework/Resources/bin/exec/R --slave --no-restore --file=cv_biglasso_serial.R
   34769   2016-12-11  20:10:20        01:45  100.0    5.5    915220   3423828  /Library/Frameworks/R.framework/Resources/bin/exec/R --slave --no-restore --file=cv_biglasso_serial.R
   34769   2016-12-11  20:10:21        01:46   99.9    5.5    915220   3423828  /Library/Frameworks/R.framework/Resources/bin/exec/R --slave --no-restore --file=cv_biglasso_serial.R
   34769   2016-12-11  20:10:22        01:47  100.0    5.5    915220   3423828  /Library/Frameworks/R.framework/Resources/bin/exec/R --slave --no-restore --file=cv_biglasso_serial.R
   34769   2016-12-11  20:10:23        01:48  100.0    5.5    915220   3423828  /Library/Frameworks/R.framework/Resources/bin/exec/R --slave --no-restore --file=cv_biglasso_serial.R
   34769   2016-12-11  20:10:24        01:49   97.9    5.5    915220   3423828  /Library/Frameworks/R.framework/Resources/bin/exec/R --slave --no-restore --file=cv_biglasso_serial.R
   34769   2016-12-11  20:10:25        01:50   99.3    5.5    915220   3423828  /Library/Frameworks/R.framework/Resources/bin/exec/R --slave --no-restore --file=cv_biglasso_serial.R
   34769   2016-12-11  20:10:26        01:51    0.0    0.0         0         0       (R)
