     PID         DATE      TIME      ELAPSED    CPU    MEM       RSS     VSIZE       CMD
   34917   2016-12-11  20:13:51        00:00    0.0    0.0      1128   2434392  /Library/Frameworks/R.framework/Resources/bin/exec/R --slave --no-restore --file=cv_glmnet_serial.R
   34917   2016-12-11  20:13:52        00:01   98.1    0.9    158416   3281840  /Library/Frameworks/R.framework/Resources/bin/exec/R --slave --no-restore --file=cv_glmnet_serial.R
   34917   2016-12-11  20:13:53        00:02  100.0    1.8    304080   3281840  /Library/Frameworks/R.framework/Resources/bin/exec/R --slave --no-restore --file=cv_glmnet_serial.R
   34917   2016-12-11  20:13:54        00:03  100.0    2.7    452528   3281840  /Library/Frameworks/R.framework/Resources/bin/exec/R --slave --no-restore --file=cv_glmnet_serial.R
   34917   2016-12-11  20:13:55        00:04  100.0    3.5    595132   3281840  /Library/Frameworks/R.framework/Resources/bin/exec/R --slave --no-restore --file=cv_glmnet_serial.R
   34917   2016-12-11  20:13:56        00:05  100.0    4.4    740000   3281840  /Library/Frameworks/R.framework/Resources/bin/exec/R --slave --no-restore --file=cv_glmnet_serial.R
   34917   2016-12-11  20:13:57        00:06  100.0    5.1    862708   3350852  /Library/Frameworks/R.framework/Resources/bin/exec/R --slave --no-restore --file=cv_glmnet_serial.R
   34917   2016-12-11  20:13:58        00:07  100.0   10.4   1744444   4243860  /Library/Frameworks/R.framework/Resources/bin/exec/R --slave --no-restore --file=cv_glmnet_serial.R
   34917   2016-12-11  20:13:59        00:08  100.0   10.4   1747996   4245428  /Library/Frameworks/R.framework/Resources/bin/exec/R --slave --no-restore --file=cv_glmnet_serial.R
   34917   2016-12-11  20:14:00        00:09  100.0   10.4   1747996   4245428  /Library/Frameworks/R.framework/Resources/bin/exec/R --slave --no-restore --file=cv_glmnet_serial.R
   34917   2016-12-11  20:14:01        00:10  100.0   10.4   1747996   4245428  /Library/Frameworks/R.framework/Resources/bin/exec/R --slave --no-restore --file=cv_glmnet_serial.R
   34917   2016-12-11  20:14:02        00:11  100.0   10.4   1747996   4245428  /Library/Frameworks/R.framework/Resources/bin/exec/R --slave --no-restore --file=cv_glmnet_serial.R
   34917   2016-12-11  20:14:03        00:12  100.0   10.4   1747996   4245428  /Library/Frameworks/R.framework/Resources/bin/exec/R --slave --no-restore --file=cv_glmnet_serial.R
   34917   2016-12-11  20:14:04        00:13  100.0   10.4   1747996   4245428  /Library/Frameworks/R.framework/Resources/bin/exec/R --slave --no-restore --file=cv_glmnet_serial.R
   34917   2016-12-11  20:14:05        00:14  100.0   10.4   1747996   4245428  /Library/Frameworks/R.framework/Resources/bin/exec/R --slave --no-restore --file=cv_glmnet_serial.R
   34917   2016-12-11  20:14:06        00:15  100.0   10.4   1747996   4245428  /Library/Frameworks/R.framework/Resources/bin/exec/R --slave --no-restore --file=cv_glmnet_serial.R
   34917   2016-12-11  20:14:07        00:16  100.0   10.4   1747996   4245428  /Library/Frameworks/R.framework/Resources/bin/exec/R --slave --no-restore --file=cv_glmnet_serial.R
   34917   2016-12-11  20:14:08        00:17  100.0   10.4   1747996   4245428  /Library/Frameworks/R.framework/Resources/bin/exec/R --slave --no-restore --file=cv_glmnet_serial.R
   34917   2016-12-11  20:14:09        00:18  100.0   10.4   1747996   4245428  /Library/Frameworks/R.framework/Resources/bin/exec/R --slave --no-restore --file=cv_glmnet_serial.R
   34917   2016-12-11  20:14:10        00:19  100.0    8.3   1399592   4166004  /Library/Frameworks/R.framework/Resources/bin/exec/R --slave --no-restore --file=cv_glmnet_serial.R
   34917   2016-12-11  20:14:11        00:20  100.0    9.9   1654920   4166004  /Library/Frameworks/R.framework/Resources/bin/exec/R --slave --no-restore --file=cv_glmnet_serial.R
   34917   2016-12-11  20:14:12        00:21  100.0    9.9   1668340   4166004  /Library/Frameworks/R.framework/Resources/bin/exec/R --slave --no-restore --file=cv_glmnet_serial.R
   34917   2016-12-11  20:14:13        00:22  100.0   14.1   2372156   4869916  /Library/Frameworks/R.framework/Resources/bin/exec/R --slave --no-restore --file=cv_glmnet_serial.R
   34917   2016-12-11  20:14:14        00:23  100.0   14.2   2374212   4871484  /Library/Frameworks/R.framework/Resources/bin/exec/R --slave --no-restore --file=cv_glmnet_serial.R
   34917   2016-12-11  20:14:16        00:25  100.0   14.2   2374212   4871484  /Library/Frameworks/R.framework/Resources/bin/exec/R --slave --no-restore --file=cv_glmnet_serial.R
   34917   2016-12-11  20:14:17        00:26  100.0   14.2   2374212   4871484  /Library/Frameworks/R.framework/Resources/bin/exec/R --slave --no-restore --file=cv_glmnet_serial.R
   34917   2016-12-11  20:14:18        00:27  100.0   14.2   2374212   4871484  /Library/Frameworks/R.framework/Resources/bin/exec/R --slave --no-restore --file=cv_glmnet_serial.R
   34917   2016-12-11  20:14:19        00:28  100.0   14.2   2374212   4871484  /Library/Frameworks/R.framework/Resources/bin/exec/R --slave --no-restore --file=cv_glmnet_serial.R
   34917   2016-12-11  20:14:20        00:29  100.0   14.2   2374212   4871484  /Library/Frameworks/R.framework/Resources/bin/exec/R --slave --no-restore --file=cv_glmnet_serial.R
   34917   2016-12-11  20:14:21        00:30  100.0   14.2   2374212   4871484  /Library/Frameworks/R.framework/Resources/bin/exec/R --slave --no-restore --file=cv_glmnet_serial.R
   34917   2016-12-11  20:14:22        00:31  100.0   14.2   2374212   4871484  /Library/Frameworks/R.framework/Resources/bin/exec/R --slave --no-restore --file=cv_glmnet_serial.R
   34917   2016-12-11  20:14:23        00:32  100.0   14.2   2374212   4871484  /Library/Frameworks/R.framework/Resources/bin/exec/R --slave --no-restore --file=cv_glmnet_serial.R
   34917   2016-12-11  20:14:24        00:33  100.0   14.3   2403908   4910548  /Library/Frameworks/R.framework/Resources/bin/exec/R --slave --no-restore --file=cv_glmnet_serial.R
   34917   2016-12-11  20:14:25        00:34  100.0   10.4   1749196   4399596  /Library/Frameworks/R.framework/Resources/bin/exec/R --slave --no-restore --file=cv_glmnet_serial.R
   34917   2016-12-11  20:14:26        00:35   99.0   11.3   1902320   4399596  /Library/Frameworks/R.framework/Resources/bin/exec/R --slave --no-restore --file=cv_glmnet_serial.R
   34917   2016-12-11  20:14:27        00:36  100.0   13.1   2191456   5102724  /Library/Frameworks/R.framework/Resources/bin/exec/R --slave --no-restore --file=cv_glmnet_serial.R
   34917   2016-12-11  20:14:28        00:37  100.0   15.6   2610168   5107820  /Library/Frameworks/R.framework/Resources/bin/exec/R --slave --no-restore --file=cv_glmnet_serial.R
   34917   2016-12-11  20:14:29        00:38   99.7   15.6   2610548   5107820  /Library/Frameworks/R.framework/Resources/bin/exec/R --slave --no-restore --file=cv_glmnet_serial.R
   34917   2016-12-11  20:14:30        00:39   98.8   15.6   2610548   5107820  /Library/Frameworks/R.framework/Resources/bin/exec/R --slave --no-restore --file=cv_glmnet_serial.R
   34917   2016-12-11  20:14:31        00:40  100.0   15.6   2610548   5107820  /Library/Frameworks/R.framework/Resources/bin/exec/R --slave --no-restore --file=cv_glmnet_serial.R
   34917   2016-12-11  20:14:32        00:41  100.0   15.6   2610548   5107820  /Library/Frameworks/R.framework/Resources/bin/exec/R --slave --no-restore --file=cv_glmnet_serial.R
   34917   2016-12-11  20:14:33        00:42  100.0   15.6   2610548   5107820  /Library/Frameworks/R.framework/Resources/bin/exec/R --slave --no-restore --file=cv_glmnet_serial.R
   34917   2016-12-11  20:14:34        00:43  100.0   15.6   2610548   5107820  /Library/Frameworks/R.framework/Resources/bin/exec/R --slave --no-restore --file=cv_glmnet_serial.R
   34917   2016-12-11  20:14:35        00:44  100.0   15.6   2610548   5107820  /Library/Frameworks/R.framework/Resources/bin/exec/R --slave --no-restore --file=cv_glmnet_serial.R
   34917   2016-12-11  20:14:36        00:45  100.0   15.6   2610548   5107820  /Library/Frameworks/R.framework/Resources/bin/exec/R --slave --no-restore --file=cv_glmnet_serial.R
   34917   2016-12-11  20:14:37        00:46  100.0   15.6   2610548   5107820  /Library/Frameworks/R.framework/Resources/bin/exec/R --slave --no-restore --file=cv_glmnet_serial.R
   34917   2016-12-11  20:14:38        00:47   99.2   14.3   2394136   5107036  /Library/Frameworks/R.framework/Resources/bin/exec/R --slave --no-restore --file=cv_glmnet_serial.R
   34917   2016-12-11  20:14:39        00:48  100.0   15.6   2609760   5107036  /Library/Frameworks/R.framework/Resources/bin/exec/R --slave --no-restore --file=cv_glmnet_serial.R
   34917   2016-12-11  20:14:40        00:49  100.0   15.6   2609764   5107036  /Library/Frameworks/R.framework/Resources/bin/exec/R --slave --no-restore --file=cv_glmnet_serial.R
   34917   2016-12-11  20:14:41        00:50  100.0   15.6   2608980   5106252  /Library/Frameworks/R.framework/Resources/bin/exec/R --slave --no-restore --file=cv_glmnet_serial.R
   34917   2016-12-11  20:14:42        00:51  100.0   15.6   2610156   5107428  /Library/Frameworks/R.framework/Resources/bin/exec/R --slave --no-restore --file=cv_glmnet_serial.R
   34917   2016-12-11  20:14:43        00:52  100.0   15.6   2610156   5107428  /Library/Frameworks/R.framework/Resources/bin/exec/R --slave --no-restore --file=cv_glmnet_serial.R
   34917   2016-12-11  20:14:44        00:53  100.0   15.6   2610156   5107428  /Library/Frameworks/R.framework/Resources/bin/exec/R --slave --no-restore --file=cv_glmnet_serial.R
   34917   2016-12-11  20:14:45        00:54   98.2   15.6   2610156   5107428  /Library/Frameworks/R.framework/Resources/bin/exec/R --slave --no-restore --file=cv_glmnet_serial.R
   34917   2016-12-11  20:14:46        00:55  100.0   15.6   2610156   5107428  /Library/Frameworks/R.framework/Resources/bin/exec/R --slave --no-restore --file=cv_glmnet_serial.R
   34917   2016-12-11  20:14:47        00:56  100.0   15.6   2610156   5107428  /Library/Frameworks/R.framework/Resources/bin/exec/R --slave --no-restore --file=cv_glmnet_serial.R
   34917   2016-12-11  20:14:48        00:57  100.0   15.6   2610156   5107428  /Library/Frameworks/R.framework/Resources/bin/exec/R --slave --no-restore --file=cv_glmnet_serial.R
   34917   2016-12-11  20:14:49        00:58  100.0   15.6   2610156   5107428  /Library/Frameworks/R.framework/Resources/bin/exec/R --slave --no-restore --file=cv_glmnet_serial.R
   34917   2016-12-11  20:14:50        00:59  100.0   15.6   2610156   5107428  /Library/Frameworks/R.framework/Resources/bin/exec/R --slave --no-restore --file=cv_glmnet_serial.R
   34917   2016-12-11  20:14:51        01:00  100.0   17.3   2901256   5810556  /Library/Frameworks/R.framework/Resources/bin/exec/R --slave --no-restore --file=cv_glmnet_serial.R
   34917   2016-12-11  20:14:52        01:01   99.0   19.3   3243404   5810556  /Library/Frameworks/R.framework/Resources/bin/exec/R --slave --no-restore --file=cv_glmnet_serial.R
   34917   2016-12-11  20:14:53        01:02  100.0   19.7   3313280   5810556  /Library/Frameworks/R.framework/Resources/bin/exec/R --slave --no-restore --file=cv_glmnet_serial.R
   34917   2016-12-11  20:14:54        01:03  100.0   13.0   2187500   5108208  /Library/Frameworks/R.framework/Resources/bin/exec/R --slave --no-restore --file=cv_glmnet_serial.R
   34917   2016-12-11  20:14:55        01:04   99.1   15.6   2611720   5108992  /Library/Frameworks/R.framework/Resources/bin/exec/R --slave --no-restore --file=cv_glmnet_serial.R
   34917   2016-12-11  20:14:56        01:05  100.0   15.6   2611720   5108992  /Library/Frameworks/R.framework/Resources/bin/exec/R --slave --no-restore --file=cv_glmnet_serial.R
   34917   2016-12-11  20:14:57        01:07  100.0   15.6   2611720   5108992  /Library/Frameworks/R.framework/Resources/bin/exec/R --slave --no-restore --file=cv_glmnet_serial.R
   34917   2016-12-11  20:14:59        01:08  100.0   15.6   2611720   5108992  /Library/Frameworks/R.framework/Resources/bin/exec/R --slave --no-restore --file=cv_glmnet_serial.R
   34917   2016-12-11  20:15:00        01:09  100.0   15.6   2611720   5108992  /Library/Frameworks/R.framework/Resources/bin/exec/R --slave --no-restore --file=cv_glmnet_serial.R
   34917   2016-12-11  20:15:01        01:10  100.0   15.6   2611720   5108992  /Library/Frameworks/R.framework/Resources/bin/exec/R --slave --no-restore --file=cv_glmnet_serial.R
   34917   2016-12-11  20:15:02        01:11  100.0   15.6   2611720   5108992  /Library/Frameworks/R.framework/Resources/bin/exec/R --slave --no-restore --file=cv_glmnet_serial.R
   34917   2016-12-11  20:15:03        01:12  100.0   15.6   2611720   5108992  /Library/Frameworks/R.framework/Resources/bin/exec/R --slave --no-restore --file=cv_glmnet_serial.R
   34917   2016-12-11  20:15:04        01:13  100.0   15.6   2611720   5108992  /Library/Frameworks/R.framework/Resources/bin/exec/R --slave --no-restore --file=cv_glmnet_serial.R
   34917   2016-12-11  20:15:05        01:14   99.6   15.6   2611720   5108992  /Library/Frameworks/R.framework/Resources/bin/exec/R --slave --no-restore --file=cv_glmnet_serial.R
   34917   2016-12-11  20:15:06        01:15  100.0   18.4   3089844   5812120  /Library/Frameworks/R.framework/Resources/bin/exec/R --slave --no-restore --file=cv_glmnet_serial.R
   34917   2016-12-11  20:15:07        01:16  100.0   19.8   3314844   5812120  /Library/Frameworks/R.framework/Resources/bin/exec/R --slave --no-restore --file=cv_glmnet_serial.R
   34917   2016-12-11  20:15:08        01:17  100.0   19.8   3314848   5812120  /Library/Frameworks/R.framework/Resources/bin/exec/R --slave --no-restore --file=cv_glmnet_serial.R
   34917   2016-12-11  20:15:09        01:18  100.0   15.6   2611728   5108992  /Library/Frameworks/R.framework/Resources/bin/exec/R --slave --no-restore --file=cv_glmnet_serial.R
   34917   2016-12-11  20:15:10        01:19  100.0   15.6   2612512   5109776  /Library/Frameworks/R.framework/Resources/bin/exec/R --slave --no-restore --file=cv_glmnet_serial.R
   34917   2016-12-11  20:15:11        01:20  100.0   15.6   2612512   5109776  /Library/Frameworks/R.framework/Resources/bin/exec/R --slave --no-restore --file=cv_glmnet_serial.R
   34917   2016-12-11  20:15:12        01:21   99.7   15.6   2612512   5109776  /Library/Frameworks/R.framework/Resources/bin/exec/R --slave --no-restore --file=cv_glmnet_serial.R
   34917   2016-12-11  20:15:13        01:22  100.0   15.6   2612512   5109776  /Library/Frameworks/R.framework/Resources/bin/exec/R --slave --no-restore --file=cv_glmnet_serial.R
   34917   2016-12-11  20:15:14        01:23  100.0   15.6   2612512   5109776  /Library/Frameworks/R.framework/Resources/bin/exec/R --slave --no-restore --file=cv_glmnet_serial.R
   34917   2016-12-11  20:15:15        01:24  100.0   15.6   2612512   5109776  /Library/Frameworks/R.framework/Resources/bin/exec/R --slave --no-restore --file=cv_glmnet_serial.R
   34917   2016-12-11  20:15:16        01:25  100.0   15.6   2612512   5109776  /Library/Frameworks/R.framework/Resources/bin/exec/R --slave --no-restore --file=cv_glmnet_serial.R
   34917   2016-12-11  20:15:17        01:26  100.0   15.6   2612512   5109776  /Library/Frameworks/R.framework/Resources/bin/exec/R --slave --no-restore --file=cv_glmnet_serial.R
   34917   2016-12-11  20:15:18        01:27  100.0   15.6   2612512   5109776  /Library/Frameworks/R.framework/Resources/bin/exec/R --slave --no-restore --file=cv_glmnet_serial.R
   34917   2016-12-11  20:15:19        01:28  100.0   16.5   2766612   5812904  /Library/Frameworks/R.framework/Resources/bin/exec/R --slave --no-restore --file=cv_glmnet_serial.R
   34917   2016-12-11  20:15:20        01:29  100.0   19.2   3228140   5812904  /Library/Frameworks/R.framework/Resources/bin/exec/R --slave --no-restore --file=cv_glmnet_serial.R
   34917   2016-12-11  20:15:21        01:30  100.0   19.8   3315636   5812904  /Library/Frameworks/R.framework/Resources/bin/exec/R --slave --no-restore --file=cv_glmnet_serial.R
   34917   2016-12-11  20:15:22        01:31  100.0   13.2   2210080   5109776  /Library/Frameworks/R.framework/Resources/bin/exec/R --slave --no-restore --file=cv_glmnet_serial.R
   34917   2016-12-11  20:15:23        01:32  100.0   15.6   2613296   5110560  /Library/Frameworks/R.framework/Resources/bin/exec/R --slave --no-restore --file=cv_glmnet_serial.R
   34917   2016-12-11  20:15:24        01:33  100.0   15.6   2613296   5110560  /Library/Frameworks/R.framework/Resources/bin/exec/R --slave --no-restore --file=cv_glmnet_serial.R
   34917   2016-12-11  20:15:25        01:34  100.0   15.6   2613296   5110560  /Library/Frameworks/R.framework/Resources/bin/exec/R --slave --no-restore --file=cv_glmnet_serial.R
   34917   2016-12-11  20:15:26        01:35  100.0   15.6   2613296   5110560  /Library/Frameworks/R.framework/Resources/bin/exec/R --slave --no-restore --file=cv_glmnet_serial.R
   34917   2016-12-11  20:15:27        01:36  100.0   15.6   2613296   5110560  /Library/Frameworks/R.framework/Resources/bin/exec/R --slave --no-restore --file=cv_glmnet_serial.R
   34917   2016-12-11  20:15:28        01:37  100.0   15.6   2613296   5110560  /Library/Frameworks/R.framework/Resources/bin/exec/R --slave --no-restore --file=cv_glmnet_serial.R
   34917   2016-12-11  20:15:29        01:38  100.0   15.6   2613296   5110560  /Library/Frameworks/R.framework/Resources/bin/exec/R --slave --no-restore --file=cv_glmnet_serial.R
   34917   2016-12-11  20:15:30        01:39  100.0   15.6   2613296   5110560  /Library/Frameworks/R.framework/Resources/bin/exec/R --slave --no-restore --file=cv_glmnet_serial.R
   34917   2016-12-11  20:15:31        01:40  100.0   15.6   2613296   5110560  /Library/Frameworks/R.framework/Resources/bin/exec/R --slave --no-restore --file=cv_glmnet_serial.R
   34917   2016-12-11  20:15:32        01:41  100.0   15.6   2613296   5110560  /Library/Frameworks/R.framework/Resources/bin/exec/R --slave --no-restore --file=cv_glmnet_serial.R
   34917   2016-12-11  20:15:33        01:42  100.0   18.6   3122672   5813688  /Library/Frameworks/R.framework/Resources/bin/exec/R --slave --no-restore --file=cv_glmnet_serial.R
   34917   2016-12-11  20:15:34        01:43  100.0   19.8   3316420   5813688  /Library/Frameworks/R.framework/Resources/bin/exec/R --slave --no-restore --file=cv_glmnet_serial.R
   34917   2016-12-11  20:15:35        01:44  100.0   19.8   3316424   5813688  /Library/Frameworks/R.framework/Resources/bin/exec/R --slave --no-restore --file=cv_glmnet_serial.R
   34917   2016-12-11  20:15:36        01:45  100.0   15.6   2613296   5110560  /Library/Frameworks/R.framework/Resources/bin/exec/R --slave --no-restore --file=cv_glmnet_serial.R
   34917   2016-12-11  20:15:37        01:46  100.0   15.6   2614080   5111344  /Library/Frameworks/R.framework/Resources/bin/exec/R --slave --no-restore --file=cv_glmnet_serial.R
   34917   2016-12-11  20:15:38        01:47  100.0   15.6   2614080   5111344  /Library/Frameworks/R.framework/Resources/bin/exec/R --slave --no-restore --file=cv_glmnet_serial.R
   34917   2016-12-11  20:15:39        01:49  100.0   15.6   2614080   5111344  /Library/Frameworks/R.framework/Resources/bin/exec/R --slave --no-restore --file=cv_glmnet_serial.R
   34917   2016-12-11  20:15:41        01:50  100.0   15.6   2614080   5111344  /Library/Frameworks/R.framework/Resources/bin/exec/R --slave --no-restore --file=cv_glmnet_serial.R
   34917   2016-12-11  20:15:42        01:51  100.0   15.6   2614080   5111344  /Library/Frameworks/R.framework/Resources/bin/exec/R --slave --no-restore --file=cv_glmnet_serial.R
   34917   2016-12-11  20:15:43        01:52  100.0   15.6   2614080   5111344  /Library/Frameworks/R.framework/Resources/bin/exec/R --slave --no-restore --file=cv_glmnet_serial.R
   34917   2016-12-11  20:15:44        01:53  100.0   15.6   2614080   5111344  /Library/Frameworks/R.framework/Resources/bin/exec/R --slave --no-restore --file=cv_glmnet_serial.R
   34917   2016-12-11  20:15:45        01:54   98.8   15.6   2614080   5111344  /Library/Frameworks/R.framework/Resources/bin/exec/R --slave --no-restore --file=cv_glmnet_serial.R
   34917   2016-12-11  20:15:46        01:55  100.0   15.6   2614080   5111344  /Library/Frameworks/R.framework/Resources/bin/exec/R --slave --no-restore --file=cv_glmnet_serial.R
   34917   2016-12-11  20:15:47        01:56  100.0   16.3   2734896   5814472  /Library/Frameworks/R.framework/Resources/bin/exec/R --slave --no-restore --file=cv_glmnet_serial.R
   34917   2016-12-11  20:15:48        01:57  100.0   19.3   3245332   5814472  /Library/Frameworks/R.framework/Resources/bin/exec/R --slave --no-restore --file=cv_glmnet_serial.R
   34917   2016-12-11  20:15:49        01:58   99.0   19.8   3317204   5814472  /Library/Frameworks/R.framework/Resources/bin/exec/R --slave --no-restore --file=cv_glmnet_serial.R
   34917   2016-12-11  20:15:50        01:59  100.0   13.1   2199536   4718128  /Library/Frameworks/R.framework/Resources/bin/exec/R --slave --no-restore --file=cv_glmnet_serial.R
   34917   2016-12-11  20:15:51        02:00  100.0   15.6   2614080   5111344  /Library/Frameworks/R.framework/Resources/bin/exec/R --slave --no-restore --file=cv_glmnet_serial.R
   34917   2016-12-11  20:15:52        02:01  100.0   15.6   2614864   5112128  /Library/Frameworks/R.framework/Resources/bin/exec/R --slave --no-restore --file=cv_glmnet_serial.R
   34917   2016-12-11  20:15:53        02:02  100.0   15.6   2614864   5112128  /Library/Frameworks/R.framework/Resources/bin/exec/R --slave --no-restore --file=cv_glmnet_serial.R
   34917   2016-12-11  20:15:54        02:03  100.0   15.6   2614864   5112128  /Library/Frameworks/R.framework/Resources/bin/exec/R --slave --no-restore --file=cv_glmnet_serial.R
   34917   2016-12-11  20:15:55        02:04   99.9   15.6   2614864   5112128  /Library/Frameworks/R.framework/Resources/bin/exec/R --slave --no-restore --file=cv_glmnet_serial.R
   34917   2016-12-11  20:15:56        02:05   98.9   15.6   2614864   5112128  /Library/Frameworks/R.framework/Resources/bin/exec/R --slave --no-restore --file=cv_glmnet_serial.R
   34917   2016-12-11  20:15:57        02:06  100.0   15.6   2614864   5112128  /Library/Frameworks/R.framework/Resources/bin/exec/R --slave --no-restore --file=cv_glmnet_serial.R
   34917   2016-12-11  20:15:58        02:07  100.0   15.6   2614864   5112128  /Library/Frameworks/R.framework/Resources/bin/exec/R --slave --no-restore --file=cv_glmnet_serial.R
   34917   2016-12-11  20:15:59        02:08  100.0   15.6   2614864   5112128  /Library/Frameworks/R.framework/Resources/bin/exec/R --slave --no-restore --file=cv_glmnet_serial.R
   34917   2016-12-11  20:16:00        02:09  100.0   15.6   2614864   5112128  /Library/Frameworks/R.framework/Resources/bin/exec/R --slave --no-restore --file=cv_glmnet_serial.R
   34917   2016-12-11  20:16:01        02:10  100.0   15.6   2614864   5112128  /Library/Frameworks/R.framework/Resources/bin/exec/R --slave --no-restore --file=cv_glmnet_serial.R
   34917   2016-12-11  20:16:02        02:11  100.0   18.9   3167840   5816280  /Library/Frameworks/R.framework/Resources/bin/exec/R --slave --no-restore --file=cv_glmnet_serial.R
   34917   2016-12-11  20:16:03        02:12  100.0   19.8   3318004   5816280  /Library/Frameworks/R.framework/Resources/bin/exec/R --slave --no-restore --file=cv_glmnet_serial.R
   34917   2016-12-11  20:16:04        02:13  100.0   19.8   3318008   5816280  /Library/Frameworks/R.framework/Resources/bin/exec/R --slave --no-restore --file=cv_glmnet_serial.R
   34917   2016-12-11  20:16:05        02:14  100.0   15.6   2614880   5113152  /Library/Frameworks/R.framework/Resources/bin/exec/R --slave --no-restore --file=cv_glmnet_serial.R
   34917   2016-12-11  20:16:06        02:15  100.0   15.6   2615664   5113936  /Library/Frameworks/R.framework/Resources/bin/exec/R --slave --no-restore --file=cv_glmnet_serial.R
   34917   2016-12-11  20:16:07        02:16  100.0   15.6   2615664   5113936  /Library/Frameworks/R.framework/Resources/bin/exec/R --slave --no-restore --file=cv_glmnet_serial.R
   34917   2016-12-11  20:16:08        02:17  100.0   15.6   2615664   5113936  /Library/Frameworks/R.framework/Resources/bin/exec/R --slave --no-restore --file=cv_glmnet_serial.R
   34917   2016-12-11  20:16:09        02:18  100.0   15.6   2615664   5113936  /Library/Frameworks/R.framework/Resources/bin/exec/R --slave --no-restore --file=cv_glmnet_serial.R
   34917   2016-12-11  20:16:10        02:19  100.0   15.6   2615664   5113936  /Library/Frameworks/R.framework/Resources/bin/exec/R --slave --no-restore --file=cv_glmnet_serial.R
   34917   2016-12-11  20:16:11        02:20  100.0   15.6   2615664   5113936  /Library/Frameworks/R.framework/Resources/bin/exec/R --slave --no-restore --file=cv_glmnet_serial.R
   34917   2016-12-11  20:16:12        02:21  100.0   15.6   2615664   5113936  /Library/Frameworks/R.framework/Resources/bin/exec/R --slave --no-restore --file=cv_glmnet_serial.R
   34917   2016-12-11  20:16:13        02:22   99.9   15.6   2615664   5113936  /Library/Frameworks/R.framework/Resources/bin/exec/R --slave --no-restore --file=cv_glmnet_serial.R
   34917   2016-12-11  20:16:14        02:23   99.6   15.6   2615664   5113936  /Library/Frameworks/R.framework/Resources/bin/exec/R --slave --no-restore --file=cv_glmnet_serial.R
   34917   2016-12-11  20:16:15        02:24  100.0   15.6   2615664   5113936  /Library/Frameworks/R.framework/Resources/bin/exec/R --slave --no-restore --file=cv_glmnet_serial.R
   34917   2016-12-11  20:16:16        02:25  100.0   18.8   3146916   5817064  /Library/Frameworks/R.framework/Resources/bin/exec/R --slave --no-restore --file=cv_glmnet_serial.R
   34917   2016-12-11  20:16:17        02:26  100.0   19.8   3318788   5817064  /Library/Frameworks/R.framework/Resources/bin/exec/R --slave --no-restore --file=cv_glmnet_serial.R
   34917   2016-12-11  20:16:18        02:27  100.0   19.8   3318792   5817064  /Library/Frameworks/R.framework/Resources/bin/exec/R --slave --no-restore --file=cv_glmnet_serial.R
   34917   2016-12-11  20:16:19        02:28  100.0   15.6   2615664   5113936  /Library/Frameworks/R.framework/Resources/bin/exec/R --slave --no-restore --file=cv_glmnet_serial.R
   34917   2016-12-11  20:16:20        02:29  100.0   15.6   2616448   5114720  /Library/Frameworks/R.framework/Resources/bin/exec/R --slave --no-restore --file=cv_glmnet_serial.R
   34917   2016-12-11  20:16:21        02:31  100.0   15.6   2616448   5114720  /Library/Frameworks/R.framework/Resources/bin/exec/R --slave --no-restore --file=cv_glmnet_serial.R
   34917   2016-12-11  20:16:23        02:32  100.0   15.6   2616448   5114720  /Library/Frameworks/R.framework/Resources/bin/exec/R --slave --no-restore --file=cv_glmnet_serial.R
   34917   2016-12-11  20:16:24        02:33  100.0   15.6   2616448   5114720  /Library/Frameworks/R.framework/Resources/bin/exec/R --slave --no-restore --file=cv_glmnet_serial.R
   34917   2016-12-11  20:16:25        02:34  100.0   15.6   2616448   5114720  /Library/Frameworks/R.framework/Resources/bin/exec/R --slave --no-restore --file=cv_glmnet_serial.R
   34917   2016-12-11  20:16:26        02:35  100.0   15.6   2616448   5114720  /Library/Frameworks/R.framework/Resources/bin/exec/R --slave --no-restore --file=cv_glmnet_serial.R
   34917   2016-12-11  20:16:27        02:36  100.0   15.6   2616448   5114720  /Library/Frameworks/R.framework/Resources/bin/exec/R --slave --no-restore --file=cv_glmnet_serial.R
   34917   2016-12-11  20:16:28        02:37   99.8   15.6   2616448   5114720  /Library/Frameworks/R.framework/Resources/bin/exec/R --slave --no-restore --file=cv_glmnet_serial.R
   34917   2016-12-11  20:16:29        02:38  100.0   15.6   2616448   5114720  /Library/Frameworks/R.framework/Resources/bin/exec/R --slave --no-restore --file=cv_glmnet_serial.R
   34917   2016-12-11  20:16:30        02:39  100.0   15.6   2616448   5114720  /Library/Frameworks/R.framework/Resources/bin/exec/R --slave --no-restore --file=cv_glmnet_serial.R
   34917   2016-12-11  20:16:31        02:40  100.0   18.4   3092732   5665144  /Library/Frameworks/R.framework/Resources/bin/exec/R --slave --no-restore --file=cv_glmnet_serial.R
   34917   2016-12-11  20:16:32        02:41  100.0   17.0   2853504   5351688  /Library/Frameworks/R.framework/Resources/bin/exec/R --slave --no-restore --file=cv_glmnet_serial.R
   34917   2016-12-11  20:16:33        02:42  100.0   19.9   3338924   5904856  /Library/Frameworks/R.framework/Resources/bin/exec/R --slave --no-restore --file=cv_glmnet_serial.R
   34917   2016-12-11  20:16:34        02:43   99.3   18.0   3012816   5510296  /Library/Frameworks/R.framework/Resources/bin/exec/R --slave --no-restore --file=cv_glmnet_serial.R
   34917   2016-12-11  20:16:35        02:44    0.0    0.0         0         0       (R)
