     PID         DATE      TIME      ELAPSED    CPU    MEM       RSS     VSIZE       CMD
   35110   2016-12-11  20:19:43        00:00    0.0    0.0      1120   2433368  /Library/Frameworks/R.framework/Resources/bin/exec/R --slave --no-restore --file=cv_ncvreg_serial.R
   35110   2016-12-11  20:19:44        00:01   98.4    0.9    156548   3280816  /Library/Frameworks/R.framework/Resources/bin/exec/R --slave --no-restore --file=cv_ncvreg_serial.R
   35110   2016-12-11  20:19:45        00:02  100.0    1.8    302368   3280816  /Library/Frameworks/R.framework/Resources/bin/exec/R --slave --no-restore --file=cv_ncvreg_serial.R
   35110   2016-12-11  20:19:46        00:03  100.0    2.7    447752   3280816  /Library/Frameworks/R.framework/Resources/bin/exec/R --slave --no-restore --file=cv_ncvreg_serial.R
   35110   2016-12-11  20:19:47        00:04  100.0    3.5    589560   3280816  /Library/Frameworks/R.framework/Resources/bin/exec/R --slave --no-restore --file=cv_ncvreg_serial.R
   35110   2016-12-11  20:19:48        00:05  100.0    4.4    735540   3280816  /Library/Frameworks/R.framework/Resources/bin/exec/R --slave --no-restore --file=cv_ncvreg_serial.R
   35110   2016-12-11  20:19:49        00:06  100.0    4.9    814700   3291656  /Library/Frameworks/R.framework/Resources/bin/exec/R --slave --no-restore --file=cv_ncvreg_serial.R
   35110   2016-12-11  20:19:50        00:07  100.0    9.2   1540548   4074476  /Library/Frameworks/R.framework/Resources/bin/exec/R --slave --no-restore --file=cv_ncvreg_serial.R
   35110   2016-12-11  20:19:51        00:08  100.0   10.0   1682404   4158876  /Library/Frameworks/R.framework/Resources/bin/exec/R --slave --no-restore --file=cv_ncvreg_serial.R
   35110   2016-12-11  20:19:52        00:09  100.0   10.0   1682404   4158876  /Library/Frameworks/R.framework/Resources/bin/exec/R --slave --no-restore --file=cv_ncvreg_serial.R
   35110   2016-12-11  20:19:53        00:10  100.0   10.0   1682404   4158876  /Library/Frameworks/R.framework/Resources/bin/exec/R --slave --no-restore --file=cv_ncvreg_serial.R
   35110   2016-12-11  20:19:54        00:11  100.0   10.0   1682404   4158876  /Library/Frameworks/R.framework/Resources/bin/exec/R --slave --no-restore --file=cv_ncvreg_serial.R
   35110   2016-12-11  20:19:55        00:12  100.0   10.0   1682404   4158876  /Library/Frameworks/R.framework/Resources/bin/exec/R --slave --no-restore --file=cv_ncvreg_serial.R
   35110   2016-12-11  20:19:57        00:14  100.0   10.0   1682404   4158876  /Library/Frameworks/R.framework/Resources/bin/exec/R --slave --no-restore --file=cv_ncvreg_serial.R
   35110   2016-12-11  20:19:58        00:15  100.0   10.0   1682404   4158876  /Library/Frameworks/R.framework/Resources/bin/exec/R --slave --no-restore --file=cv_ncvreg_serial.R
   35110   2016-12-11  20:19:59        00:16  100.0   10.0   1682404   4158876  /Library/Frameworks/R.framework/Resources/bin/exec/R --slave --no-restore --file=cv_ncvreg_serial.R
   35110   2016-12-11  20:20:00        00:17  100.0   10.0   1682404   4158876  /Library/Frameworks/R.framework/Resources/bin/exec/R --slave --no-restore --file=cv_ncvreg_serial.R
   35110   2016-12-11  20:20:01        00:18  100.0   10.0   1682404   4158876  /Library/Frameworks/R.framework/Resources/bin/exec/R --slave --no-restore --file=cv_ncvreg_serial.R
   35110   2016-12-11  20:20:02        00:19  100.0    8.5   1420928   4315920  /Library/Frameworks/R.framework/Resources/bin/exec/R --slave --no-restore --file=cv_ncvreg_serial.R
   35110   2016-12-11  20:20:03        00:20  100.0   10.6   1777188   4315920  /Library/Frameworks/R.framework/Resources/bin/exec/R --slave --no-restore --file=cv_ncvreg_serial.R
   35110   2016-12-11  20:20:04        00:21  100.0   11.0   1839684   4315920  /Library/Frameworks/R.framework/Resources/bin/exec/R --slave --no-restore --file=cv_ncvreg_serial.R
   35110   2016-12-11  20:20:05        00:22  100.0   11.5   1929108   4405340  /Library/Frameworks/R.framework/Resources/bin/exec/R --slave --no-restore --file=cv_ncvreg_serial.R
   35110   2016-12-11  20:20:06        00:23   99.9   15.2   2543872   5020616  /Library/Frameworks/R.framework/Resources/bin/exec/R --slave --no-restore --file=cv_ncvreg_serial.R
   35110   2016-12-11  20:20:07        00:24  100.0   15.2   2544384   5020616  /Library/Frameworks/R.framework/Resources/bin/exec/R --slave --no-restore --file=cv_ncvreg_serial.R
   35110   2016-12-11  20:20:08        00:25  100.0   15.2   2544384   5020616  /Library/Frameworks/R.framework/Resources/bin/exec/R --slave --no-restore --file=cv_ncvreg_serial.R
   35110   2016-12-11  20:20:09        00:26   99.8   15.2   2544384   5020616  /Library/Frameworks/R.framework/Resources/bin/exec/R --slave --no-restore --file=cv_ncvreg_serial.R
   35110   2016-12-11  20:20:10        00:27  100.0   15.2   2544384   5020616  /Library/Frameworks/R.framework/Resources/bin/exec/R --slave --no-restore --file=cv_ncvreg_serial.R
   35110   2016-12-11  20:20:11        00:28  100.0   15.2   2544384   5020616  /Library/Frameworks/R.framework/Resources/bin/exec/R --slave --no-restore --file=cv_ncvreg_serial.R
   35110   2016-12-11  20:20:12        00:29  100.0   15.2   2544384   5020616  /Library/Frameworks/R.framework/Resources/bin/exec/R --slave --no-restore --file=cv_ncvreg_serial.R
   35110   2016-12-11  20:20:13        00:30  100.0   15.2   2544384   5020616  /Library/Frameworks/R.framework/Resources/bin/exec/R --slave --no-restore --file=cv_ncvreg_serial.R
   35110   2016-12-11  20:20:14        00:31  100.0   15.2   2544384   5020616  /Library/Frameworks/R.framework/Resources/bin/exec/R --slave --no-restore --file=cv_ncvreg_serial.R
   35110   2016-12-11  20:20:15        00:32  100.0   15.2   2544384   5020616  /Library/Frameworks/R.framework/Resources/bin/exec/R --slave --no-restore --file=cv_ncvreg_serial.R
   35110   2016-12-11  20:20:16        00:33  100.0   11.9   1999096   4476336  /Library/Frameworks/R.framework/Resources/bin/exec/R --slave --no-restore --file=cv_ncvreg_serial.R
   35110   2016-12-11  20:20:17        00:34  100.0   14.5   2436760   5179464  /Library/Frameworks/R.framework/Resources/bin/exec/R --slave --no-restore --file=cv_ncvreg_serial.R
   35110   2016-12-11  20:20:18        00:35  100.0   16.0   2691556   5179464  /Library/Frameworks/R.framework/Resources/bin/exec/R --slave --no-restore --file=cv_ncvreg_serial.R
   35110   2016-12-11  20:20:19        00:36  100.0   16.1   2702384   5179464  /Library/Frameworks/R.framework/Resources/bin/exec/R --slave --no-restore --file=cv_ncvreg_serial.R
   35110   2016-12-11  20:20:20        00:37  100.0   14.5   2427220   5452116  /Library/Frameworks/R.framework/Resources/bin/exec/R --slave --no-restore --file=cv_ncvreg_serial.R
   35110   2016-12-11  20:20:21        00:38  100.0   17.7   2975432   5452508  /Library/Frameworks/R.framework/Resources/bin/exec/R --slave --no-restore --file=cv_ncvreg_serial.R
   35110   2016-12-11  20:20:22        00:39  100.0   17.7   2975432   5452508  /Library/Frameworks/R.framework/Resources/bin/exec/R --slave --no-restore --file=cv_ncvreg_serial.R
   35110   2016-12-11  20:20:23        00:40  100.0   17.7   2975432   5452508  /Library/Frameworks/R.framework/Resources/bin/exec/R --slave --no-restore --file=cv_ncvreg_serial.R
   35110   2016-12-11  20:20:24        00:41  100.0   17.7   2975432   5452508  /Library/Frameworks/R.framework/Resources/bin/exec/R --slave --no-restore --file=cv_ncvreg_serial.R
   35110   2016-12-11  20:20:25        00:42  100.0   17.7   2975432   5452508  /Library/Frameworks/R.framework/Resources/bin/exec/R --slave --no-restore --file=cv_ncvreg_serial.R
   35110   2016-12-11  20:20:26        00:43  100.0   17.7   2975432   5452508  /Library/Frameworks/R.framework/Resources/bin/exec/R --slave --no-restore --file=cv_ncvreg_serial.R
   35110   2016-12-11  20:20:27        00:44  100.0   17.7   2975432   5452508  /Library/Frameworks/R.framework/Resources/bin/exec/R --slave --no-restore --file=cv_ncvreg_serial.R
   35110   2016-12-11  20:20:28        00:45  100.0   17.7   2975432   5452508  /Library/Frameworks/R.framework/Resources/bin/exec/R --slave --no-restore --file=cv_ncvreg_serial.R
   35110   2016-12-11  20:20:29        00:46  100.0   17.7   2975432   5452508  /Library/Frameworks/R.framework/Resources/bin/exec/R --slave --no-restore --file=cv_ncvreg_serial.R
   35110   2016-12-11  20:20:30        00:47  100.0   17.7   2975432   5452508  /Library/Frameworks/R.framework/Resources/bin/exec/R --slave --no-restore --file=cv_ncvreg_serial.R
   35110   2016-12-11  20:20:31        00:48  100.0   19.6   3293832   5770904  /Library/Frameworks/R.framework/Resources/bin/exec/R --slave --no-restore --file=cv_ncvreg_serial.R
   35110   2016-12-11  20:20:32        00:49  100.0   10.9   1834808   4552508  /Library/Frameworks/R.framework/Resources/bin/exec/R --slave --no-restore --file=cv_ncvreg_serial.R
   35110   2016-12-11  20:20:33        00:50  100.0   12.4   2075432   4552508  /Library/Frameworks/R.framework/Resources/bin/exec/R --slave --no-restore --file=cv_ncvreg_serial.R
   35110   2016-12-11  20:20:34        00:51  100.0   12.4   2075436   4552508  /Library/Frameworks/R.framework/Resources/bin/exec/R --slave --no-restore --file=cv_ncvreg_serial.R
   35110   2016-12-11  20:20:35        00:52  100.0   16.1   2693516   5607200  /Library/Frameworks/R.framework/Resources/bin/exec/R --slave --no-restore --file=cv_ncvreg_serial.R
   35110   2016-12-11  20:20:36        00:53   99.8   18.7   3132088   5609160  /Library/Frameworks/R.framework/Resources/bin/exec/R --slave --no-restore --file=cv_ncvreg_serial.R
   35110   2016-12-11  20:20:37        00:54  100.0   18.7   3132088   5609160  /Library/Frameworks/R.framework/Resources/bin/exec/R --slave --no-restore --file=cv_ncvreg_serial.R
   35110   2016-12-11  20:20:38        00:55  100.0   18.7   3132088   5609160  /Library/Frameworks/R.framework/Resources/bin/exec/R --slave --no-restore --file=cv_ncvreg_serial.R
   35110   2016-12-11  20:20:39        00:57  100.0   18.7   3132088   5609160  /Library/Frameworks/R.framework/Resources/bin/exec/R --slave --no-restore --file=cv_ncvreg_serial.R
   35110   2016-12-11  20:20:41        00:58  100.0   18.7   3132088   5609160  /Library/Frameworks/R.framework/Resources/bin/exec/R --slave --no-restore --file=cv_ncvreg_serial.R
   35110   2016-12-11  20:20:42        00:59  100.0   18.7   3132088   5609160  /Library/Frameworks/R.framework/Resources/bin/exec/R --slave --no-restore --file=cv_ncvreg_serial.R
   35110   2016-12-11  20:20:43        01:00  100.0   18.7   3132088   5609160  /Library/Frameworks/R.framework/Resources/bin/exec/R --slave --no-restore --file=cv_ncvreg_serial.R
   35110   2016-12-11  20:20:44        01:01  100.0   18.7   3132088   5609160  /Library/Frameworks/R.framework/Resources/bin/exec/R --slave --no-restore --file=cv_ncvreg_serial.R
   35110   2016-12-11  20:20:45        01:02  100.0   18.7   3132088   5609160  /Library/Frameworks/R.framework/Resources/bin/exec/R --slave --no-restore --file=cv_ncvreg_serial.R
   35110   2016-12-11  20:20:46        01:03  100.0   18.7   3132088   5609160  /Library/Frameworks/R.framework/Resources/bin/exec/R --slave --no-restore --file=cv_ncvreg_serial.R
   35110   2016-12-11  20:20:47        01:04  100.0   19.6   3294272   5780512  /Library/Frameworks/R.framework/Resources/bin/exec/R --slave --no-restore --file=cv_ncvreg_serial.R
   35110   2016-12-11  20:20:48        01:05  100.0   14.9   2498556   5190252  /Library/Frameworks/R.framework/Resources/bin/exec/R --slave --no-restore --file=cv_ncvreg_serial.R
   35110   2016-12-11  20:20:49        01:06  100.0   16.1   2704008   5190252  /Library/Frameworks/R.framework/Resources/bin/exec/R --slave --no-restore --file=cv_ncvreg_serial.R
   35110   2016-12-11  20:20:50        01:07  100.0   16.1   2704012   5190252  /Library/Frameworks/R.framework/Resources/bin/exec/R --slave --no-restore --file=cv_ncvreg_serial.R
   35110   2016-12-11  20:20:51        01:08   99.1   18.0   3022064   5893380  /Library/Frameworks/R.framework/Resources/bin/exec/R --slave --no-restore --file=cv_ncvreg_serial.R
   35110   2016-12-11  20:20:52        01:09   99.6   20.3   3408708   5894948  /Library/Frameworks/R.framework/Resources/bin/exec/R --slave --no-restore --file=cv_ncvreg_serial.R
   35110   2016-12-11  20:20:53        01:10  100.0   20.3   3408708   5894948  /Library/Frameworks/R.framework/Resources/bin/exec/R --slave --no-restore --file=cv_ncvreg_serial.R
   35110   2016-12-11  20:20:54        01:11  100.0   20.3   3408708   5894948  /Library/Frameworks/R.framework/Resources/bin/exec/R --slave --no-restore --file=cv_ncvreg_serial.R
   35110   2016-12-11  20:20:55        01:12  100.0   20.3   3408708   5894948  /Library/Frameworks/R.framework/Resources/bin/exec/R --slave --no-restore --file=cv_ncvreg_serial.R
   35110   2016-12-11  20:20:56        01:13  100.0   20.3   3408708   5894948  /Library/Frameworks/R.framework/Resources/bin/exec/R --slave --no-restore --file=cv_ncvreg_serial.R
   35110   2016-12-11  20:20:57        01:14  100.0   20.3   3408708   5894948  /Library/Frameworks/R.framework/Resources/bin/exec/R --slave --no-restore --file=cv_ncvreg_serial.R
   35110   2016-12-11  20:20:58        01:15  100.0   20.3   3408708   5894948  /Library/Frameworks/R.framework/Resources/bin/exec/R --slave --no-restore --file=cv_ncvreg_serial.R
   35110   2016-12-11  20:20:59        01:16  100.0   20.3   3408708   5894948  /Library/Frameworks/R.framework/Resources/bin/exec/R --slave --no-restore --file=cv_ncvreg_serial.R
   35110   2016-12-11  20:21:00        01:17  100.0   20.3   3408708   5894948  /Library/Frameworks/R.framework/Resources/bin/exec/R --slave --no-restore --file=cv_ncvreg_serial.R
   35110   2016-12-11  20:21:01        01:18  100.0   15.8   2649944   5190644  /Library/Frameworks/R.framework/Resources/bin/exec/R --slave --no-restore --file=cv_ncvreg_serial.R
   35110   2016-12-11  20:21:02        01:19  100.0   17.5   2939964   5426204  /Library/Frameworks/R.framework/Resources/bin/exec/R --slave --no-restore --file=cv_ncvreg_serial.R
   35110   2016-12-11  20:21:03        01:20  100.0   20.7   3465356   6129724  /Library/Frameworks/R.framework/Resources/bin/exec/R --slave --no-restore --file=cv_ncvreg_serial.R
   35110   2016-12-11  20:21:04        01:21  100.0   21.7   3643480   6129724  /Library/Frameworks/R.framework/Resources/bin/exec/R --slave --no-restore --file=cv_ncvreg_serial.R
   35110   2016-12-11  20:21:05        01:22   98.6   21.7   3645052   6131292  /Library/Frameworks/R.framework/Resources/bin/exec/R --slave --no-restore --file=cv_ncvreg_serial.R
   35110   2016-12-11  20:21:06        01:23  100.0   14.5   2429072   5265636  /Library/Frameworks/R.framework/Resources/bin/exec/R --slave --no-restore --file=cv_ncvreg_serial.R
   35110   2016-12-11  20:21:07        01:24  100.0   16.6   2780964   5267204  /Library/Frameworks/R.framework/Resources/bin/exec/R --slave --no-restore --file=cv_ncvreg_serial.R
   35110   2016-12-11  20:21:08        01:25  100.0   16.6   2780964   5267204  /Library/Frameworks/R.framework/Resources/bin/exec/R --slave --no-restore --file=cv_ncvreg_serial.R
   35110   2016-12-11  20:21:09        01:26  100.0   16.6   2780964   5267204  /Library/Frameworks/R.framework/Resources/bin/exec/R --slave --no-restore --file=cv_ncvreg_serial.R
   35110   2016-12-11  20:21:10        01:27  100.0   16.6   2780964   5267204  /Library/Frameworks/R.framework/Resources/bin/exec/R --slave --no-restore --file=cv_ncvreg_serial.R
   35110   2016-12-11  20:21:11        01:28  100.0   16.6   2780964   5267204  /Library/Frameworks/R.framework/Resources/bin/exec/R --slave --no-restore --file=cv_ncvreg_serial.R
   35110   2016-12-11  20:21:12        01:29  100.0   16.6   2780964   5267204  /Library/Frameworks/R.framework/Resources/bin/exec/R --slave --no-restore --file=cv_ncvreg_serial.R
   35110   2016-12-11  20:21:13        01:30  100.0   16.6   2780964   5267204  /Library/Frameworks/R.framework/Resources/bin/exec/R --slave --no-restore --file=cv_ncvreg_serial.R
   35110   2016-12-11  20:21:14        01:31  100.0   16.6   2780964   5267204  /Library/Frameworks/R.framework/Resources/bin/exec/R --slave --no-restore --file=cv_ncvreg_serial.R
   35110   2016-12-11  20:21:15        01:32  100.0   16.6   2780964   5267204  /Library/Frameworks/R.framework/Resources/bin/exec/R --slave --no-restore --file=cv_ncvreg_serial.R
   35110   2016-12-11  20:21:16        01:33  100.0   16.6   2782140   5268380  /Library/Frameworks/R.framework/Resources/bin/exec/R --slave --no-restore --file=cv_ncvreg_serial.R
   35110   2016-12-11  20:21:17        01:34  100.0   17.5   2942316   5428556  /Library/Frameworks/R.framework/Resources/bin/exec/R --slave --no-restore --file=cv_ncvreg_serial.R
   35110   2016-12-11  20:21:18        01:35  100.0   21.0   3529332   6132076  /Library/Frameworks/R.framework/Resources/bin/exec/R --slave --no-restore --file=cv_ncvreg_serial.R
   35110   2016-12-11  20:21:19        01:36  100.0   21.7   3645832   6132076  /Library/Frameworks/R.framework/Resources/bin/exec/R --slave --no-restore --file=cv_ncvreg_serial.R
   35110   2016-12-11  20:21:20        01:37  100.0   23.0   3863760   6405120  /Library/Frameworks/R.framework/Resources/bin/exec/R --slave --no-restore --file=cv_ncvreg_serial.R
   35110   2016-12-11  20:21:21        01:38  100.0   15.5   2592088   5266028  /Library/Frameworks/R.framework/Resources/bin/exec/R --slave --no-restore --file=cv_ncvreg_serial.R
   35110   2016-12-11  20:21:23        01:40  100.0   16.6   2781748   5267988  /Library/Frameworks/R.framework/Resources/bin/exec/R --slave --no-restore --file=cv_ncvreg_serial.R
   35110   2016-12-11  20:21:24        01:41  100.0   16.6   2781748   5267988  /Library/Frameworks/R.framework/Resources/bin/exec/R --slave --no-restore --file=cv_ncvreg_serial.R
   35110   2016-12-11  20:21:25        01:42  100.0   16.6   2781748   5267988  /Library/Frameworks/R.framework/Resources/bin/exec/R --slave --no-restore --file=cv_ncvreg_serial.R
   35110   2016-12-11  20:21:26        01:43  100.0   16.6   2781748   5267988  /Library/Frameworks/R.framework/Resources/bin/exec/R --slave --no-restore --file=cv_ncvreg_serial.R
   35110   2016-12-11  20:21:27        01:44  100.0   16.6   2781748   5267988  /Library/Frameworks/R.framework/Resources/bin/exec/R --slave --no-restore --file=cv_ncvreg_serial.R
   35110   2016-12-11  20:21:28        01:45  100.0   16.6   2781748   5267988  /Library/Frameworks/R.framework/Resources/bin/exec/R --slave --no-restore --file=cv_ncvreg_serial.R
   35110   2016-12-11  20:21:29        01:46  100.0   16.6   2781748   5267988  /Library/Frameworks/R.framework/Resources/bin/exec/R --slave --no-restore --file=cv_ncvreg_serial.R
   35110   2016-12-11  20:21:30        01:47  100.0   16.6   2781748   5267988  /Library/Frameworks/R.framework/Resources/bin/exec/R --slave --no-restore --file=cv_ncvreg_serial.R
   35110   2016-12-11  20:21:31        01:48  100.0   16.6   2781748   5267988  /Library/Frameworks/R.framework/Resources/bin/exec/R --slave --no-restore --file=cv_ncvreg_serial.R
   35110   2016-12-11  20:21:32        01:49  100.0   16.7   2796024   5347684  /Library/Frameworks/R.framework/Resources/bin/exec/R --slave --no-restore --file=cv_ncvreg_serial.R
   35110   2016-12-11  20:21:33        01:50  100.0   17.5   2942316   5428556  /Library/Frameworks/R.framework/Resources/bin/exec/R --slave --no-restore --file=cv_ncvreg_serial.R
   35110   2016-12-11  20:21:34        01:51  100.0   21.1   3548032   6132076  /Library/Frameworks/R.framework/Resources/bin/exec/R --slave --no-restore --file=cv_ncvreg_serial.R
   35110   2016-12-11  20:21:35        01:52  100.0   21.7   3645832   6132076  /Library/Frameworks/R.framework/Resources/bin/exec/R --slave --no-restore --file=cv_ncvreg_serial.R
   35110   2016-12-11  20:21:36        01:53  100.0   23.4   3918880   6405120  /Library/Frameworks/R.framework/Resources/bin/exec/R --slave --no-restore --file=cv_ncvreg_serial.R
   35110   2016-12-11  20:21:37        01:54  100.0   16.0   2681952   5266028  /Library/Frameworks/R.framework/Resources/bin/exec/R --slave --no-restore --file=cv_ncvreg_serial.R
   35110   2016-12-11  20:21:38        01:55  100.0   16.6   2781748   5267988  /Library/Frameworks/R.framework/Resources/bin/exec/R --slave --no-restore --file=cv_ncvreg_serial.R
   35110   2016-12-11  20:21:39        01:56   98.8   16.6   2781748   5267988  /Library/Frameworks/R.framework/Resources/bin/exec/R --slave --no-restore --file=cv_ncvreg_serial.R
   35110   2016-12-11  20:21:40        01:57  100.0   16.6   2781748   5267988  /Library/Frameworks/R.framework/Resources/bin/exec/R --slave --no-restore --file=cv_ncvreg_serial.R
   35110   2016-12-11  20:21:41        01:58  100.0   16.6   2781748   5267988  /Library/Frameworks/R.framework/Resources/bin/exec/R --slave --no-restore --file=cv_ncvreg_serial.R
   35110   2016-12-11  20:21:42        01:59  100.0   16.6   2781748   5267988  /Library/Frameworks/R.framework/Resources/bin/exec/R --slave --no-restore --file=cv_ncvreg_serial.R
   35110   2016-12-11  20:21:43        02:00  100.0   16.6   2781748   5267988  /Library/Frameworks/R.framework/Resources/bin/exec/R --slave --no-restore --file=cv_ncvreg_serial.R
   35110   2016-12-11  20:21:44        02:01  100.0   16.6   2781748   5267988  /Library/Frameworks/R.framework/Resources/bin/exec/R --slave --no-restore --file=cv_ncvreg_serial.R
   35110   2016-12-11  20:21:45        02:02  100.0   16.6   2781748   5267988  /Library/Frameworks/R.framework/Resources/bin/exec/R --slave --no-restore --file=cv_ncvreg_serial.R
   35110   2016-12-11  20:21:46        02:03  100.0   16.6   2781748   5267988  /Library/Frameworks/R.framework/Resources/bin/exec/R --slave --no-restore --file=cv_ncvreg_serial.R
   35110   2016-12-11  20:21:47        02:04  100.0   17.5   2942316   5428556  /Library/Frameworks/R.framework/Resources/bin/exec/R --slave --no-restore --file=cv_ncvreg_serial.R
   35110   2016-12-11  20:21:48        02:05   99.7   20.1   3367708   6132076  /Library/Frameworks/R.framework/Resources/bin/exec/R --slave --no-restore --file=cv_ncvreg_serial.R
   35110   2016-12-11  20:21:49        02:06  100.0   21.6   3627084   6132076  /Library/Frameworks/R.framework/Resources/bin/exec/R --slave --no-restore --file=cv_ncvreg_serial.R
   35110   2016-12-11  20:21:50        02:07  100.0   21.7   3645832   6132076  /Library/Frameworks/R.framework/Resources/bin/exec/R --slave --no-restore --file=cv_ncvreg_serial.R
   35110   2016-12-11  20:21:51        02:08  100.0   12.8   2139212   5266028  /Library/Frameworks/R.framework/Resources/bin/exec/R --slave --no-restore --file=cv_ncvreg_serial.R
   35110   2016-12-11  20:21:52        02:09  100.0   16.6   2781748   5267988  /Library/Frameworks/R.framework/Resources/bin/exec/R --slave --no-restore --file=cv_ncvreg_serial.R
   35110   2016-12-11  20:21:53        02:10  100.0   16.6   2781748   5267988  /Library/Frameworks/R.framework/Resources/bin/exec/R --slave --no-restore --file=cv_ncvreg_serial.R
   35110   2016-12-11  20:21:54        02:11  100.0   16.6   2781748   5267988  /Library/Frameworks/R.framework/Resources/bin/exec/R --slave --no-restore --file=cv_ncvreg_serial.R
   35110   2016-12-11  20:21:55        02:12  100.0   16.6   2781748   5267988  /Library/Frameworks/R.framework/Resources/bin/exec/R --slave --no-restore --file=cv_ncvreg_serial.R
   35110   2016-12-11  20:21:56        02:13  100.0   16.6   2781748   5267988  /Library/Frameworks/R.framework/Resources/bin/exec/R --slave --no-restore --file=cv_ncvreg_serial.R
   35110   2016-12-11  20:21:57        02:14  100.0   16.6   2781748   5267988  /Library/Frameworks/R.framework/Resources/bin/exec/R --slave --no-restore --file=cv_ncvreg_serial.R
   35110   2016-12-11  20:21:58        02:15  100.0   16.6   2781748   5267988  /Library/Frameworks/R.framework/Resources/bin/exec/R --slave --no-restore --file=cv_ncvreg_serial.R
   35110   2016-12-11  20:21:59        02:16  100.0   16.6   2781748   5267988  /Library/Frameworks/R.framework/Resources/bin/exec/R --slave --no-restore --file=cv_ncvreg_serial.R
   35110   2016-12-11  20:22:00        02:17  100.0   16.6   2781748   5267988  /Library/Frameworks/R.framework/Resources/bin/exec/R --slave --no-restore --file=cv_ncvreg_serial.R
   35110   2016-12-11  20:22:01        02:18   98.7   16.6   2781748   5267988  /Library/Frameworks/R.framework/Resources/bin/exec/R --slave --no-restore --file=cv_ncvreg_serial.R
   35110   2016-12-11  20:22:02        02:19  100.0   17.5   2942316   5428556  /Library/Frameworks/R.framework/Resources/bin/exec/R --slave --no-restore --file=cv_ncvreg_serial.R
   35110   2016-12-11  20:22:03        02:21  100.0   20.3   3408332   6132076  /Library/Frameworks/R.framework/Resources/bin/exec/R --slave --no-restore --file=cv_ncvreg_serial.R
   35110   2016-12-11  20:22:05        02:22  100.0   21.7   3645832   6132076  /Library/Frameworks/R.framework/Resources/bin/exec/R --slave --no-restore --file=cv_ncvreg_serial.R
   35110   2016-12-11  20:22:06        02:23  100.0   21.7   3645836   6132076  /Library/Frameworks/R.framework/Resources/bin/exec/R --slave --no-restore --file=cv_ncvreg_serial.R
   35110   2016-12-11  20:22:07        02:24  100.0   13.4   2248324   5266028  /Library/Frameworks/R.framework/Resources/bin/exec/R --slave --no-restore --file=cv_ncvreg_serial.R
   35110   2016-12-11  20:22:08        02:25  100.0   16.6   2781748   5267988  /Library/Frameworks/R.framework/Resources/bin/exec/R --slave --no-restore --file=cv_ncvreg_serial.R
   35110   2016-12-11  20:22:09        02:26  100.0   16.6   2781748   5267988  /Library/Frameworks/R.framework/Resources/bin/exec/R --slave --no-restore --file=cv_ncvreg_serial.R
   35110   2016-12-11  20:22:10        02:27  100.0   16.6   2781748   5267988  /Library/Frameworks/R.framework/Resources/bin/exec/R --slave --no-restore --file=cv_ncvreg_serial.R
   35110   2016-12-11  20:22:11        02:28  100.0   16.6   2781748   5267988  /Library/Frameworks/R.framework/Resources/bin/exec/R --slave --no-restore --file=cv_ncvreg_serial.R
   35110   2016-12-11  20:22:12        02:29  100.0   16.6   2781748   5267988  /Library/Frameworks/R.framework/Resources/bin/exec/R --slave --no-restore --file=cv_ncvreg_serial.R
   35110   2016-12-11  20:22:13        02:30  100.0   16.6   2781748   5267988  /Library/Frameworks/R.framework/Resources/bin/exec/R --slave --no-restore --file=cv_ncvreg_serial.R
   35110   2016-12-11  20:22:14        02:31  100.0   16.6   2781748   5267988  /Library/Frameworks/R.framework/Resources/bin/exec/R --slave --no-restore --file=cv_ncvreg_serial.R
   35110   2016-12-11  20:22:15        02:32  100.0   16.6   2781748   5267988  /Library/Frameworks/R.framework/Resources/bin/exec/R --slave --no-restore --file=cv_ncvreg_serial.R
   35110   2016-12-11  20:22:16        02:33  100.0   16.6   2781748   5267988  /Library/Frameworks/R.framework/Resources/bin/exec/R --slave --no-restore --file=cv_ncvreg_serial.R
   35110   2016-12-11  20:22:17        02:34   99.6   16.6   2781748   5267988  /Library/Frameworks/R.framework/Resources/bin/exec/R --slave --no-restore --file=cv_ncvreg_serial.R
   35110   2016-12-11  20:22:18        02:35  100.0   17.5   2942316   5428556  /Library/Frameworks/R.framework/Resources/bin/exec/R --slave --no-restore --file=cv_ncvreg_serial.R
   35110   2016-12-11  20:22:19        02:36  100.0   20.8   3482020   6132076  /Library/Frameworks/R.framework/Resources/bin/exec/R --slave --no-restore --file=cv_ncvreg_serial.R
   35110   2016-12-11  20:22:20        02:37   99.2   21.7   3646072   6132076  /Library/Frameworks/R.framework/Resources/bin/exec/R --slave --no-restore --file=cv_ncvreg_serial.R
   35110   2016-12-11  20:22:21        02:38   99.2   21.7   3646076   6132076  /Library/Frameworks/R.framework/Resources/bin/exec/R --slave --no-restore --file=cv_ncvreg_serial.R
   35110   2016-12-11  20:22:22        02:39  100.0   14.3   2398652   5266028  /Library/Frameworks/R.framework/Resources/bin/exec/R --slave --no-restore --file=cv_ncvreg_serial.R
   35110   2016-12-11  20:22:23        02:40   99.3   16.6   2781988   5267988  /Library/Frameworks/R.framework/Resources/bin/exec/R --slave --no-restore --file=cv_ncvreg_serial.R
   35110   2016-12-11  20:22:24        02:41  100.0   16.6   2781988   5267988  /Library/Frameworks/R.framework/Resources/bin/exec/R --slave --no-restore --file=cv_ncvreg_serial.R
   35110   2016-12-11  20:22:25        02:42   99.6   16.6   2781988   5267988  /Library/Frameworks/R.framework/Resources/bin/exec/R --slave --no-restore --file=cv_ncvreg_serial.R
   35110   2016-12-11  20:22:26        02:43  100.0   16.6   2781988   5267988  /Library/Frameworks/R.framework/Resources/bin/exec/R --slave --no-restore --file=cv_ncvreg_serial.R
   35110   2016-12-11  20:22:27        02:44   99.9   16.6   2781988   5267988  /Library/Frameworks/R.framework/Resources/bin/exec/R --slave --no-restore --file=cv_ncvreg_serial.R
   35110   2016-12-11  20:22:28        02:45  100.0   16.6   2781988   5267988  /Library/Frameworks/R.framework/Resources/bin/exec/R --slave --no-restore --file=cv_ncvreg_serial.R
   35110   2016-12-11  20:22:29        02:46  100.0   16.6   2781988   5267988  /Library/Frameworks/R.framework/Resources/bin/exec/R --slave --no-restore --file=cv_ncvreg_serial.R
   35110   2016-12-11  20:22:30        02:47  100.0   16.6   2781988   5267988  /Library/Frameworks/R.framework/Resources/bin/exec/R --slave --no-restore --file=cv_ncvreg_serial.R
   35110   2016-12-11  20:22:31        02:48  100.0   16.6   2781988   5267988  /Library/Frameworks/R.framework/Resources/bin/exec/R --slave --no-restore --file=cv_ncvreg_serial.R
   35110   2016-12-11  20:22:32        02:49  100.0   16.6   2783176   5270188  /Library/Frameworks/R.framework/Resources/bin/exec/R --slave --no-restore --file=cv_ncvreg_serial.R
   35110   2016-12-11  20:22:33        02:50  100.0   17.5   2942568   5429580  /Library/Frameworks/R.framework/Resources/bin/exec/R --slave --no-restore --file=cv_ncvreg_serial.R
   35110   2016-12-11  20:22:34        02:51    0.0    0.0         0         0       (R)
